<?xml version="1.0" encoding="UTF-8"?>
<!-- Generated by org.testng.reporters.JUnitXMLReporter -->
<testsuite ignored="6" hostname="DESKTOP-E80DE1T" failures="0" tests="7" name="Demo" time="16.796" errors="0" timestamp="29 Oct 2021 06:56:02 GMT">
  <testcase classname="com.demo.Trello.TC1_CreateBoard" name="createBoard" time="5.509"/>
  <testcase classname="com.demo.Trello.TC2_CreateList" name="createList" time="0.85"/>
  <testcase classname="com.demo.Trello.TC3_CreateCard" name="createCard" time="0.963"/>
  <testcase classname="com.demo.Trello.TC4_GetCard" name="getCard" time="0.765"/>
  <testcase classname="com.demo.Trello.TC5_UpdateCard" name="updateCard" time="0.711"/>
  <testcase classname="com.demo.Trello.TC6_DeleteCard" name="deleteCard" time="0.873"/>
  <testcase classname="com.demo.Trello.DeleteBoard" name="createBoard" time="0.762"/>
  <testcase classname="com.demo.baseutil.BaseTest" name="@BeforeSuite createFiles" time="0.0">
    <ignored/>
  </testcase> <!-- @BeforeSuite createFiles -->
  <testcase classname="com.demo.baseutil.BaseTest" name="@BeforeSuite createFiles" time="0.0">
    <ignored/>
  </testcase> <!-- @BeforeSuite createFiles -->
  <testcase classname="com.demo.baseutil.BaseTest" name="@BeforeSuite createFiles" time="0.0">
    <ignored/>
  </testcase> <!-- @BeforeSuite createFiles -->
  <testcase classname="com.demo.baseutil.BaseTest" name="@BeforeSuite createFiles" time="0.0">
    <ignored/>
  </testcase> <!-- @BeforeSuite createFiles -->
  <testcase classname="com.demo.baseutil.BaseTest" name="@BeforeSuite createFiles" time="0.0">
    <ignored/>
  </testcase> <!-- @BeforeSuite createFiles -->
  <testcase classname="com.demo.baseutil.BaseTest" name="@BeforeSuite createFiles" time="0.0">
    <ignored/>
  </testcase> <!-- @BeforeSuite createFiles -->
</testsuite> <!-- Demo -->
