<?xml version="1.0" encoding="UTF-8"?>
<testsuite xmlns:xsi="http://www.w3.org/2001/XMLSchema-instance" xsi:noNamespaceSchemaLocation="https://maven.apache.org/surefire/maven-surefire-plugin/xsd/surefire-test-report.xsd" name="TestSuite" time="22.35" tests="7" errors="0" skipped="0" failures="0">
  <properties>
[...]
</properties>
  <testcase name="createBoard" classname="com.demo.Trello.TC1_CreateBoard" time="5.52"/>
  <testcase name="createList" classname="com.demo.Trello.TC2_CreateList" time="0.849"/>
  <testcase name="createCard" classname="com.demo.Trello.TC3_CreateCard" time="0.964"/>
  <testcase name="getCard" classname="com.demo.Trello.TC4_GetCard" time="0.777"/>
  <testcase name="updateCard" classname="com.demo.Trello.TC5_UpdateCard" time="0.727"/>
  <testcase name="deleteCard" classname="com.demo.Trello.TC6_DeleteCard" time="0.874"/>
  <testcase name="createBoard" classname="com.demo.Trello.DeleteBoard" time="0.763"/>
</testsuite>