<?xml version="1.0" encoding="UTF-8"?>
<!-- Generated by org.testng.reporters.JUnitXMLReporter -->
<testsuite ignored="6" hostname="DESKTOP-E80DE1T" failures="0" tests="7" name="Demo" time="37.5" errors="0" timestamp="2021-10-31T13:26:32 IST">
  <testcase classname="com.demo.Trello.TC1_CreateBoard" name="createBoard" time="9.542"/>
  <testcase classname="com.demo.Trello.TC2_CreateList" name="createList" time="1.814"/>
  <testcase classname="com.demo.Trello.TC3_CreateCard" name="createCard" time="5.428"/>
  <testcase classname="com.demo.Trello.TC4_GetCard" name="getCard" time="1.401"/>
  <testcase classname="com.demo.Trello.TC5_UpdateCard" name="updateCard" time="4.467"/>
  <testcase classname="com.demo.Trello.TC6_DeleteCard" name="deleteCard" time="1.674"/>
  <testcase classname="com.demo.Trello.DeleteBoard" name="createBoard" time="3.486"/>
  <testcase classname="com.demo.baseutil.BaseTest" name="@BeforeSuite createFiles" time="0.0">
    <ignored/>
  </testcase> <!-- @BeforeSuite createFiles -->
  <testcase classname="com.demo.baseutil.BaseTest" name="@BeforeSuite createFiles" time="0.0">
    <ignored/>
  </testcase> <!-- @BeforeSuite createFiles -->
  <testcase classname="com.demo.baseutil.BaseTest" name="@BeforeSuite createFiles" time="0.0">
    <ignored/>
  </testcase> <!-- @BeforeSuite createFiles -->
  <testcase classname="com.demo.baseutil.BaseTest" name="@BeforeSuite createFiles" time="0.0">
    <ignored/>
  </testcase> <!-- @BeforeSuite createFiles -->
  <testcase classname="com.demo.baseutil.BaseTest" name="@BeforeSuite createFiles" time="0.0">
    <ignored/>
  </testcase> <!-- @BeforeSuite createFiles -->
  <testcase classname="com.demo.baseutil.BaseTest" name="@BeforeSuite createFiles" time="0.0">
    <ignored/>
  </testcase> <!-- @BeforeSuite createFiles -->
</testsuite> <!-- Demo -->
