<?xml version="1.0" encoding="UTF-8"?>
<testng-results ignored="6" total="13" passed="7" failed="0" skipped="0">
  <reporter-output>
  </reporter-output>
  <suite started-at="2021-10-31T13:25:55 IST" name="Demo" finished-at="2021-10-31T13:26:32 IST" duration-ms="37500">
    <groups>
    </groups>
    <test started-at="2021-10-31T13:25:55 IST" name="Demo" finished-at="2021-10-31T13:26:32 IST" duration-ms="37500">
      <class name="com.demo.Trello.TC5_UpdateCard">
        <test-method is-config="true" signature="setExtentReport()[pri:0, instance:com.demo.Trello.TC5_UpdateCard@41ffaeb8]" started-at="2021-10-31T13:26:22 IST" name="setExtentReport" finished-at="2021-10-31T13:26:22 IST" duration-ms="2" status="PASS">
          <reporter-output>
          </reporter-output>
        </test-method> <!-- setExtentReport -->
        <test-method is-config="true" signature="createNode(java.lang.reflect.Method)[pri:0, instance:com.demo.Trello.TC5_UpdateCard@41ffaeb8]" started-at="2021-10-31T13:26:22 IST" name="createNode" finished-at="2021-10-31T13:26:22 IST" duration-ms="0" status="PASS">
          <params>
            <param index="0">
              <value>
                <![CDATA[public void com.demo.Trello.TC5_UpdateCard.updateCard(java.lang.String,java.lang.String,java.lang.String,java.lang.String,java.lang.String,java.lang.String,java.lang.String,java.lang.String,java.lang.String,java.lang.String,java.lang.String) throws java.lang.InterruptedException]]>
              </value>
            </param>
          </params>
          <reporter-output>
          </reporter-output>
        </test-method> <!-- createNode -->
        <test-method signature="updateCard(java.lang.String,java.lang.String,java.lang.String,java.lang.String,java.lang.String,java.lang.String,java.lang.String,java.lang.String,java.lang.String,java.lang.String,java.lang.String)[pri:0, instance:com.demo.Trello.TC5_UpdateCard@41ffaeb8]" started-at="2021-10-31T13:26:22 IST" name="updateCard" description="Description: Script to Verify that whether user is able to update a card" data-provider="data1" finished-at="2021-10-31T13:26:27 IST" duration-ms="4467" status="PASS">
          <params>
            <param index="0">
              <value>
                <![CDATA[5]]>
              </value>
            </param>
            <param index="1">
              <value>
                <![CDATA[update]]>
              </value>
            </param>
            <param index="2">
              <value>
                <![CDATA[/1/cards/]]>
              </value>
            </param>
            <param index="3">
              <value>
                <![CDATA[]]>
              </value>
            </param>
            <param index="4">
              <value>
                <![CDATA[Content-Type,Accept]]>
              </value>
            </param>
            <param index="5">
              <value>
                <![CDATA[updatecard]]>
              </value>
            </param>
            <param index="6">
              <value>
                <![CDATA[key,token]]>
              </value>
            </param>
            <param index="7">
              <value>
                <![CDATA[]]>
              </value>
            </param>
            <param index="8">
              <value>
                <![CDATA[]]>
              </value>
            </param>
            <param index="9">
              <value>
                <![CDATA[MQASList]]>
              </value>
            </param>
            <param index="10">
              <value>
                <![CDATA[]]>
              </value>
            </param>
          </params>
          <reporter-output>
          </reporter-output>
        </test-method> <!-- updateCard -->
      </class> <!-- com.demo.Trello.TC5_UpdateCard -->
      <class name="com.demo.Trello.TC4_GetCard">
        <test-method is-config="true" signature="setExtentReport()[pri:0, instance:com.demo.Trello.TC4_GetCard@5eb2172]" started-at="2021-10-31T13:26:21 IST" name="setExtentReport" finished-at="2021-10-31T13:26:21 IST" duration-ms="2" status="PASS">
          <reporter-output>
          </reporter-output>
        </test-method> <!-- setExtentReport -->
        <test-method is-config="true" signature="createNode(java.lang.reflect.Method)[pri:0, instance:com.demo.Trello.TC4_GetCard@5eb2172]" started-at="2021-10-31T13:26:21 IST" name="createNode" finished-at="2021-10-31T13:26:21 IST" duration-ms="1" status="PASS">
          <params>
            <param index="0">
              <value>
                <![CDATA[public void com.demo.Trello.TC4_GetCard.getCard(java.lang.String,java.lang.String,java.lang.String,java.lang.String,java.lang.String,java.lang.String,java.lang.String,java.lang.String,java.lang.String,java.lang.String,java.lang.String) throws java.lang.InterruptedException]]>
              </value>
            </param>
          </params>
          <reporter-output>
          </reporter-output>
        </test-method> <!-- createNode -->
        <test-method signature="getCard(java.lang.String,java.lang.String,java.lang.String,java.lang.String,java.lang.String,java.lang.String,java.lang.String,java.lang.String,java.lang.String,java.lang.String,java.lang.String)[pri:0, instance:com.demo.Trello.TC4_GetCard@5eb2172]" started-at="2021-10-31T13:26:21 IST" name="getCard" description="Description: Verify that whether user is able to get a card" data-provider="data1" finished-at="2021-10-31T13:26:22 IST" duration-ms="1401" status="PASS">
          <params>
            <param index="0">
              <value>
                <![CDATA[4]]>
              </value>
            </param>
            <param index="1">
              <value>
                <![CDATA[get]]>
              </value>
            </param>
            <param index="2">
              <value>
                <![CDATA[/1/cards/]]>
              </value>
            </param>
            <param index="3">
              <value>
                <![CDATA[]]>
              </value>
            </param>
            <param index="4">
              <value>
                <![CDATA[Content-Type,Accept]]>
              </value>
            </param>
            <param index="5">
              <value>
                <![CDATA[getcard]]>
              </value>
            </param>
            <param index="6">
              <value>
                <![CDATA[key,token]]>
              </value>
            </param>
            <param index="7">
              <value>
                <![CDATA[]]>
              </value>
            </param>
            <param index="8">
              <value>
                <![CDATA[]]>
              </value>
            </param>
            <param index="9">
              <value>
                <![CDATA[]]>
              </value>
            </param>
            <param index="10">
              <value>
                <![CDATA[]]>
              </value>
            </param>
          </params>
          <reporter-output>
          </reporter-output>
        </test-method> <!-- getCard -->
      </class> <!-- com.demo.Trello.TC4_GetCard -->
      <class name="com.demo.Trello.TC1_CreateBoard">
        <test-method is-config="true" signature="createFiles()[pri:0, instance:com.demo.Trello.TC1_CreateBoard@58b71ceb]" started-at="2021-10-31T13:25:54 IST" name="createFiles" finished-at="2021-10-31T13:25:55 IST" duration-ms="510" status="PASS">
          <reporter-output>
          </reporter-output>
        </test-method> <!-- createFiles -->
        <test-method is-config="true" signature="setExtentReport()[pri:0, instance:com.demo.Trello.TC1_CreateBoard@58b71ceb]" started-at="2021-10-31T13:25:55 IST" name="setExtentReport" finished-at="2021-10-31T13:25:59 IST" duration-ms="3988" status="PASS">
          <reporter-output>
          </reporter-output>
        </test-method> <!-- setExtentReport -->
        <test-method is-config="true" signature="createNode(java.lang.reflect.Method)[pri:0, instance:com.demo.Trello.TC1_CreateBoard@58b71ceb]" started-at="2021-10-31T13:26:03 IST" name="createNode" finished-at="2021-10-31T13:26:03 IST" duration-ms="203" status="PASS">
          <params>
            <param index="0">
              <value>
                <![CDATA[public void com.demo.Trello.TC1_CreateBoard.createBoard(java.lang.String,java.lang.String,java.lang.String,java.lang.String,java.lang.String,java.lang.String,java.lang.String,java.lang.String,java.lang.String,java.lang.String,java.lang.String) throws java.io.FileNotFoundException,java.io.IOException,org.json.simple.parser.ParseException,java.lang.InterruptedException]]>
              </value>
            </param>
          </params>
          <reporter-output>
          </reporter-output>
        </test-method> <!-- createNode -->
        <test-method signature="createBoard(java.lang.String,java.lang.String,java.lang.String,java.lang.String,java.lang.String,java.lang.String,java.lang.String,java.lang.String,java.lang.String,java.lang.String,java.lang.String)[pri:0, instance:com.demo.Trello.TC1_CreateBoard@58b71ceb]" started-at="2021-10-31T13:26:03 IST" name="createBoard" description="Description: Verify that whether user is able to create a board" data-provider="data1" finished-at="2021-10-31T13:26:13 IST" duration-ms="9542" status="PASS">
          <params>
            <param index="0">
              <value>
                <![CDATA[1]]>
              </value>
            </param>
            <param index="1">
              <value>
                <![CDATA[create]]>
              </value>
            </param>
            <param index="2">
              <value>
                <![CDATA[/1/boards/]]>
              </value>
            </param>
            <param index="3">
              <value>
                <![CDATA[]]>
              </value>
            </param>
            <param index="4">
              <value>
                <![CDATA[Content-Type,Accept]]>
              </value>
            </param>
            <param index="5">
              <value>
                <![CDATA[createboard]]>
              </value>
            </param>
            <param index="6">
              <value>
                <![CDATA[key,token]]>
              </value>
            </param>
            <param index="7">
              <value>
                <![CDATA[]]>
              </value>
            </param>
            <param index="8">
              <value>
                <![CDATA[Testyantra]]>
              </value>
            </param>
            <param index="9">
              <value>
                <![CDATA[MQASList]]>
              </value>
            </param>
            <param index="10">
              <value>
                <![CDATA[TrelloAutomation]]>
              </value>
            </param>
          </params>
          <reporter-output>
          </reporter-output>
        </test-method> <!-- createBoard -->
      </class> <!-- com.demo.Trello.TC1_CreateBoard -->
      <class name="com.demo.Trello.DeleteBoard">
        <test-method is-config="true" signature="setExtentReport()[pri:0, instance:com.demo.Trello.DeleteBoard@5fb65013]" started-at="2021-10-31T13:26:29 IST" name="setExtentReport" finished-at="2021-10-31T13:26:29 IST" duration-ms="1" status="PASS">
          <reporter-output>
          </reporter-output>
        </test-method> <!-- setExtentReport -->
        <test-method is-config="true" signature="createNode(java.lang.reflect.Method)[pri:0, instance:com.demo.Trello.DeleteBoard@5fb65013]" started-at="2021-10-31T13:26:29 IST" name="createNode" finished-at="2021-10-31T13:26:29 IST" duration-ms="0" status="PASS">
          <params>
            <param index="0">
              <value>
                <![CDATA[public void com.demo.Trello.DeleteBoard.createBoard(java.lang.String,java.lang.String,java.lang.String,java.lang.String,java.lang.String,java.lang.String,java.lang.String,java.lang.String,java.lang.String,java.lang.String,java.lang.String) throws java.io.FileNotFoundException,java.io.IOException,org.json.simple.parser.ParseException,java.lang.InterruptedException]]>
              </value>
            </param>
          </params>
          <reporter-output>
          </reporter-output>
        </test-method> <!-- createNode -->
        <test-method signature="createBoard(java.lang.String,java.lang.String,java.lang.String,java.lang.String,java.lang.String,java.lang.String,java.lang.String,java.lang.String,java.lang.String,java.lang.String,java.lang.String)[pri:0, instance:com.demo.Trello.DeleteBoard@5fb65013]" started-at="2021-10-31T13:26:29 IST" name="createBoard" description="Description: Verify that whether user is able to create a board" data-provider="data1" finished-at="2021-10-31T13:26:32 IST" duration-ms="3486" status="PASS">
          <params>
            <param index="0">
              <value>
                <![CDATA[2]]>
              </value>
            </param>
            <param index="1">
              <value>
                <![CDATA[create]]>
              </value>
            </param>
            <param index="2">
              <value>
                <![CDATA[/1/lists]]>
              </value>
            </param>
            <param index="3">
              <value>
                <![CDATA[]]>
              </value>
            </param>
            <param index="4">
              <value>
                <![CDATA[Content-Type,Accept]]>
              </value>
            </param>
            <param index="5">
              <value>
                <![CDATA[createlist]]>
              </value>
            </param>
            <param index="6">
              <value>
                <![CDATA[key,token]]>
              </value>
            </param>
            <param index="7">
              <value>
                <![CDATA[]]>
              </value>
            </param>
            <param index="8">
              <value>
                <![CDATA[]]>
              </value>
            </param>
            <param index="9">
              <value>
                <![CDATA[MQASList]]>
              </value>
            </param>
            <param index="10">
              <value>
                <![CDATA[]]>
              </value>
            </param>
          </params>
          <reporter-output>
          </reporter-output>
        </test-method> <!-- createBoard -->
      </class> <!-- com.demo.Trello.DeleteBoard -->
      <class name="com.demo.Trello.TC2_CreateList">
        <test-method is-config="true" signature="setExtentReport()[pri:0, instance:com.demo.Trello.TC2_CreateList@20011bf]" started-at="2021-10-31T13:26:13 IST" name="setExtentReport" finished-at="2021-10-31T13:26:13 IST" duration-ms="1" status="PASS">
          <reporter-output>
          </reporter-output>
        </test-method> <!-- setExtentReport -->
        <test-method is-config="true" signature="createNode(java.lang.reflect.Method)[pri:0, instance:com.demo.Trello.TC2_CreateList@20011bf]" started-at="2021-10-31T13:26:13 IST" name="createNode" finished-at="2021-10-31T13:26:13 IST" duration-ms="1" status="PASS">
          <params>
            <param index="0">
              <value>
                <![CDATA[public void com.demo.Trello.TC2_CreateList.createList(java.lang.String,java.lang.String,java.lang.String,java.lang.String,java.lang.String,java.lang.String,java.lang.String,java.lang.String,java.lang.String,java.lang.String,java.lang.String) throws java.lang.InterruptedException]]>
              </value>
            </param>
          </params>
          <reporter-output>
          </reporter-output>
        </test-method> <!-- createNode -->
        <test-method signature="createList(java.lang.String,java.lang.String,java.lang.String,java.lang.String,java.lang.String,java.lang.String,java.lang.String,java.lang.String,java.lang.String,java.lang.String,java.lang.String)[pri:0, instance:com.demo.Trello.TC2_CreateList@20011bf]" started-at="2021-10-31T13:26:13 IST" name="createList" description="Description: Verify that whether user is able to create a list" data-provider="data1" finished-at="2021-10-31T13:26:15 IST" duration-ms="1814" status="PASS">
          <params>
            <param index="0">
              <value>
                <![CDATA[2]]>
              </value>
            </param>
            <param index="1">
              <value>
                <![CDATA[create]]>
              </value>
            </param>
            <param index="2">
              <value>
                <![CDATA[/1/lists]]>
              </value>
            </param>
            <param index="3">
              <value>
                <![CDATA[]]>
              </value>
            </param>
            <param index="4">
              <value>
                <![CDATA[Content-Type,Accept]]>
              </value>
            </param>
            <param index="5">
              <value>
                <![CDATA[createlist]]>
              </value>
            </param>
            <param index="6">
              <value>
                <![CDATA[key,token]]>
              </value>
            </param>
            <param index="7">
              <value>
                <![CDATA[]]>
              </value>
            </param>
            <param index="8">
              <value>
                <![CDATA[]]>
              </value>
            </param>
            <param index="9">
              <value>
                <![CDATA[MQASList]]>
              </value>
            </param>
            <param index="10">
              <value>
                <![CDATA[]]>
              </value>
            </param>
          </params>
          <reporter-output>
          </reporter-output>
        </test-method> <!-- createList -->
      </class> <!-- com.demo.Trello.TC2_CreateList -->
      <class name="com.demo.Trello.TC6_DeleteCard">
        <test-method is-config="true" signature="setExtentReport()[pri:0, instance:com.demo.Trello.TC6_DeleteCard@43f0c2d1]" started-at="2021-10-31T13:26:27 IST" name="setExtentReport" finished-at="2021-10-31T13:26:27 IST" duration-ms="25" status="PASS">
          <reporter-output>
          </reporter-output>
        </test-method> <!-- setExtentReport -->
        <test-method is-config="true" signature="createNode(java.lang.reflect.Method)[pri:0, instance:com.demo.Trello.TC6_DeleteCard@43f0c2d1]" started-at="2021-10-31T13:26:27 IST" name="createNode" finished-at="2021-10-31T13:26:27 IST" duration-ms="1" status="PASS">
          <params>
            <param index="0">
              <value>
                <![CDATA[public void com.demo.Trello.TC6_DeleteCard.deleteCard(java.lang.String,java.lang.String,java.lang.String,java.lang.String,java.lang.String,java.lang.String,java.lang.String,java.lang.String,java.lang.String,java.lang.String,java.lang.String) throws java.lang.InterruptedException]]>
              </value>
            </param>
          </params>
          <reporter-output>
          </reporter-output>
        </test-method> <!-- createNode -->
        <test-method signature="deleteCard(java.lang.String,java.lang.String,java.lang.String,java.lang.String,java.lang.String,java.lang.String,java.lang.String,java.lang.String,java.lang.String,java.lang.String,java.lang.String)[pri:0, instance:com.demo.Trello.TC6_DeleteCard@43f0c2d1]" started-at="2021-10-31T13:26:27 IST" name="deleteCard" description="Description: Script to Verify that whether user is able to delete a card" data-provider="data1" finished-at="2021-10-31T13:26:29 IST" duration-ms="1674" status="PASS">
          <params>
            <param index="0">
              <value>
                <![CDATA[6]]>
              </value>
            </param>
            <param index="1">
              <value>
                <![CDATA[delete]]>
              </value>
            </param>
            <param index="2">
              <value>
                <![CDATA[/1/cards/]]>
              </value>
            </param>
            <param index="3">
              <value>
                <![CDATA[]]>
              </value>
            </param>
            <param index="4">
              <value>
                <![CDATA[Content-Type,Accept]]>
              </value>
            </param>
            <param index="5">
              <value>
                <![CDATA[deletecard]]>
              </value>
            </param>
            <param index="6">
              <value>
                <![CDATA[key,token]]>
              </value>
            </param>
            <param index="7">
              <value>
                <![CDATA[]]>
              </value>
            </param>
            <param index="8">
              <value>
                <![CDATA[]]>
              </value>
            </param>
            <param index="9">
              <value>
                <![CDATA[]]>
              </value>
            </param>
            <param index="10">
              <value>
                <![CDATA[]]>
              </value>
            </param>
          </params>
          <reporter-output>
          </reporter-output>
        </test-method> <!-- deleteCard -->
      </class> <!-- com.demo.Trello.TC6_DeleteCard -->
      <class name="com.demo.Trello.TC3_CreateCard">
        <test-method is-config="true" signature="setExtentReport()[pri:0, instance:com.demo.Trello.TC3_CreateCard@51d9b06c]" started-at="2021-10-31T13:26:15 IST" name="setExtentReport" finished-at="2021-10-31T13:26:15 IST" duration-ms="2" status="PASS">
          <reporter-output>
          </reporter-output>
        </test-method> <!-- setExtentReport -->
        <test-method is-config="true" signature="createNode(java.lang.reflect.Method)[pri:0, instance:com.demo.Trello.TC3_CreateCard@51d9b06c]" started-at="2021-10-31T13:26:15 IST" name="createNode" finished-at="2021-10-31T13:26:15 IST" duration-ms="1" status="PASS">
          <params>
            <param index="0">
              <value>
                <![CDATA[public void com.demo.Trello.TC3_CreateCard.createCard(java.lang.String,java.lang.String,java.lang.String,java.lang.String,java.lang.String,java.lang.String,java.lang.String,java.lang.String,java.lang.String,java.lang.String,java.lang.String) throws java.lang.InterruptedException]]>
              </value>
            </param>
          </params>
          <reporter-output>
          </reporter-output>
        </test-method> <!-- createNode -->
        <test-method signature="createCard(java.lang.String,java.lang.String,java.lang.String,java.lang.String,java.lang.String,java.lang.String,java.lang.String,java.lang.String,java.lang.String,java.lang.String,java.lang.String)[pri:0, instance:com.demo.Trello.TC3_CreateCard@51d9b06c]" started-at="2021-10-31T13:26:15 IST" name="createCard" description="Description: Verify that whether user is able to create a card" data-provider="data1" finished-at="2021-10-31T13:26:21 IST" duration-ms="5428" status="PASS">
          <params>
            <param index="0">
              <value>
                <![CDATA[3]]>
              </value>
            </param>
            <param index="1">
              <value>
                <![CDATA[create]]>
              </value>
            </param>
            <param index="2">
              <value>
                <![CDATA[/1/cards]]>
              </value>
            </param>
            <param index="3">
              <value>
                <![CDATA[]]>
              </value>
            </param>
            <param index="4">
              <value>
                <![CDATA[Content-Type,Accept]]>
              </value>
            </param>
            <param index="5">
              <value>
                <![CDATA[createcard]]>
              </value>
            </param>
            <param index="6">
              <value>
                <![CDATA[key,token]]>
              </value>
            </param>
            <param index="7">
              <value>
                <![CDATA[]]>
              </value>
            </param>
            <param index="8">
              <value>
                <![CDATA[]]>
              </value>
            </param>
            <param index="9">
              <value>
                <![CDATA[]]>
              </value>
            </param>
            <param index="10">
              <value>
                <![CDATA[TrelloAutomation]]>
              </value>
            </param>
          </params>
          <reporter-output>
          </reporter-output>
        </test-method> <!-- createCard -->
      </class> <!-- com.demo.Trello.TC3_CreateCard -->
    </test> <!-- Demo -->
  </suite> <!-- Demo -->
</testng-results>
